<?xml version="1.0" encoding="UTF-8"?>
<!-- Generated by org.testng.reporters.JUnitReportReporter -->
<testsuite hostname="Marina-PC" name="gusak.tests.AutorizationTest" tests="1" failures="0" timestamp="25 Jan 2016 16:19:49 GMT" time="28.810" errors="0">
  <testcase name="loginTest" time="28.810" classname="gusak.tests.AutorizationTest"/>
</testsuite> <!-- gusak.tests.AutorizationTest -->
