<?xml version="1.0" encoding="UTF-8"?>
<!-- Generated by org.testng.reporters.JUnitReportReporter -->
<testsuite hostname="Marina-PC" name="gusak.tests.AutorizationTest" tests="1" failures="0" timestamp="27 Jan 2016 18:02:39 GMT" time="25.095" errors="0">
  <testcase name="loginTest" time="25.095" classname="gusak.tests.AutorizationTest"/>
</testsuite> <!-- gusak.tests.AutorizationTest -->
